LTIC000141 date="02-21-2018" time="18:41:32" component="Bootstrap" type="1" Message="Start-CsMeetingRoomGui.ps1 Version 0.01"
LTIC000141 date="02-21-2018" time="18:41:32" component="Bootstrap" type="1" Message="Loading GUI Components"
LTIC000141 date="02-21-2018" time="18:42:36" component="Bootstrap" type="1" Message="Start-CsMeetingRoomGui.ps1 Version 0.01"
LTIC000141 date="02-21-2018" time="18:42:36" component="Bootstrap" type="1" Message="Loading GUI Components"
LTIC000141 date="02-21-2018" time="18:43:47" component="MainForm" type="1" Message="User Pressed Convert Mailbox Button"
LTIC000141 date="02-21-2018" time="18:52:53" component="Bootstrap" type="1" Message="Start-CsMeetingRoomGui.ps1 Version 0.01"
LTIC000141 date="02-21-2018" time="18:52:53" component="Bootstrap" type="1" Message="Loading GUI Components"
LTIC000141 date="02-21-2018" time="18:52:58" component="MainForm" type="1" Message="cbx_AdUnlocked_CheckedChanged to True "
LTIC000141 date="02-21-2018" time="18:52:59" component="MainForm" type="1" Message="cbx_AdUnlocked_CheckedChanged to False "
LTIC000141 date="02-21-2018" time="18:53:00" component="MainForm" type="1" Message="cbx_AdUnlocked_CheckedChanged to True "
LTIC000141 date="02-21-2018" time="18:53:01" component="MainForm" type="1" Message="cbx_AdUnlocked_CheckedChanged to False "
LTIC000141 date="02-21-2018" time="18:54:29" component="MainForm" type="1" Message="cbx_AdEnabled_CheckedChanged to True "
LTIC000141 date="02-21-2018" time="18:54:33" component="MainForm" type="1" Message="cbx_AdEnabled_CheckedChanged to False "
LTIC000141 date="02-21-2018" time="18:54:34" component="MainForm" type="1" Message="cbx_AdEnabled_CheckedChanged to True "
LTIC000141 date="02-21-2018" time="19:00:41" component="MainForm" type="1" Message="cbx_AdEnabled_CheckedChanged to True "
LTIC000141 date="02-21-2018" time="19:00:43" component="MainForm" type="1" Message="cbx_AdEnabled_CheckedChanged to False "
LTIC000141 date="02-21-2018" time="19:00:45" component="MainForm" type="1" Message="cbx_AdEnabled_CheckedChanged to True "
LTIC000141 date="02-21-2018" time="19:00:46" component="MainForm" type="1" Message="cbx_AdEnabled_CheckedChanged to False "
LTIC000141 date="02-21-2018" time="19:00:48" component="MainForm" type="1" Message="cbx_AdUnlocked_CheckedChanged to True "
LTIC000141 date="02-21-2018" time="19:00:50" component="MainForm" type="1" Message="cbx_AdUnlocked_CheckedChanged to False "
LTIC000141 date="02-21-2018" time="19:00:51" component="MainForm" type="1" Message="cbx_AdUnlocked_CheckedChanged to True "
LTIC000141 date="02-21-2018" time="19:00:52" component="MainForm" type="1" Message="cbx_AdUnlocked_CheckedChanged to False "
LTIC000141 date="02-21-2018" time="19:00:52" component="MainForm" type="1" Message="cbx_AdEnabled_CheckedChanged to True "
LTIC000141 date="02-21-2018" time="19:00:53" component="MainForm" type="1" Message="cbx_AdEnabled_CheckedChanged to False "
LTIC000141 date="02-21-2018" time="19:00:53" component="MainForm" type="1" Message="cbx_AdEnabled_CheckedChanged to True "
LTIC000141 date="02-21-2018" time="19:00:54" component="MainForm" type="1" Message="cbx_AdUnlocked_CheckedChanged to True "
LTIC000141 date="02-21-2018" time="19:00:55" component="MainForm" type="1" Message="cbx_AdEnabled_CheckedChanged to False "
LTIC000141 date="02-21-2018" time="19:00:56" component="MainForm" type="1" Message="cbx_AdUnlocked_CheckedChanged to False "
LTIC000141 date="02-21-2018" time="19:01:44" component="MainForm" type="1" Message="cbx_AdEnabled_CheckedChanged to True "
LTIC000141 date="02-21-2018" time="19:01:45" component="MainForm" type="1" Message="cbx_AdUnlocked_CheckedChanged to True "
LTIC000141 date="02-21-2018" time="19:04:00" component="MainForm" type="1" Message="cbx_AdEnabled_CheckedChanged to True "
LTIC000141 date="02-21-2018" time="19:04:01" component="MainForm" type="1" Message="cbx_AdEnabled_CheckedChanged to False "
LTIC000141 date="02-21-2018" time="19:04:09" component="MainForm" type="1" Message="cbx_AdEnabled_CheckedChanged to True "
LTIC000141 date="02-21-2018" time="19:04:10" component="MainForm" type="1" Message="cbx_AdEnabled_CheckedChanged to False "
LTIC000141 date="02-21-2018" time="19:04:11" component="MainForm" type="1" Message="cbx_AdUnlocked_CheckedChanged to True "
LTIC000141 date="02-21-2018" time="19:04:11" component="MainForm" type="1" Message="Showing AD warning"
LTIC000141 date="02-21-2018" time="19:04:14" component="MainForm" type="1" Message="cbx_AdEnabled_CheckedChanged to True "
LTIC000141 date="02-21-2018" time="19:04:15" component="MainForm" type="1" Message="cbx_AdUnlocked_CheckedChanged to False "
LTIC000141 date="02-21-2018" time="19:04:15" component="MainForm" type="1" Message="Showing AD warning"
LTIC000141 date="02-21-2018" time="19:04:16" component="MainForm" type="1" Message="cbx_AdUnlocked_CheckedChanged to True "
LTIC000141 date="02-21-2018" time="19:04:16" component="MainForm" type="1" Message="Hiding AD warning"
LTIC000141 date="02-21-2018" time="19:04:40" component="MainForm" type="1" Message="cbx_AdEnabled_CheckedChanged to True "
LTIC000141 date="02-21-2018" time="19:04:40" component="MainForm" type="1" Message="Showing AD warning"
LTIC000141 date="02-21-2018" time="19:04:41" component="MainForm" type="1" Message="cbx_AdUnlocked_CheckedChanged to True "
LTIC000141 date="02-21-2018" time="19:04:41" component="MainForm" type="1" Message="Hiding AD warning"
LTIC000141 date="02-21-2018" time="19:04:42" component="MainForm" type="1" Message="cbx_AdEnabled_CheckedChanged to False "
LTIC000141 date="02-21-2018" time="19:04:42" component="MainForm" type="1" Message="Showing AD warning"
LTIC000141 date="02-21-2018" time="19:04:42" component="MainForm" type="1" Message="cbx_AdEnabled_CheckedChanged to True "
LTIC000141 date="02-21-2018" time="19:04:42" component="MainForm" type="1" Message="Hiding AD warning"
LTIC000141 date="02-21-2018" time="19:04:43" component="MainForm" type="1" Message="cbx_AdUnlocked_CheckedChanged to False "
LTIC000141 date="02-21-2018" time="19:04:43" component="MainForm" type="1" Message="Showing AD warning"
LTIC000141 date="02-21-2018" time="19:04:43" component="MainForm" type="1" Message="cbx_AdUnlocked_CheckedChanged to True "
LTIC000141 date="02-21-2018" time="19:04:44" component="MainForm" type="1" Message="Hiding AD warning"
LTIC000141 date="02-21-2018" time="19:04:44" component="MainForm" type="1" Message="cbx_AdEnabled_CheckedChanged to False "
LTIC000141 date="02-21-2018" time="19:04:44" component="MainForm" type="1" Message="Showing AD warning"
LTIC000141 date="02-21-2018" time="19:04:45" component="MainForm" type="1" Message="cbx_AdEnabled_CheckedChanged to True "
LTIC000141 date="02-21-2018" time="19:04:45" component="MainForm" type="1" Message="Hiding AD warning"
LTIC000141 date="02-21-2018" time="19:04:46" component="MainForm" type="1" Message="cbx_AdUnlocked_CheckedChanged to False "
LTIC000141 date="02-21-2018" time="19:04:46" component="MainForm" type="1" Message="Showing AD warning"
LTIC000141 date="02-21-2018" time="19:04:47" component="MainForm" type="1" Message="cbx_AdEnabled_CheckedChanged to False "
LTIC000141 date="02-21-2018" time="19:04:47" component="MainForm" type="1" Message="Showing AD warning"
LTIC000141 date="02-21-2018" time="19:04:51" component="MainForm" type="1" Message="cbx_AdUnlocked_CheckedChanged to True "
LTIC000141 date="02-21-2018" time="19:04:51" component="MainForm" type="1" Message="Showing AD warning"
LTIC000141 date="02-21-2018" time="19:04:51" component="MainForm" type="1" Message="cbx_AdEnabled_CheckedChanged to True "
LTIC000141 date="02-21-2018" time="19:04:51" component="MainForm" type="1" Message="Hiding AD warning"
LTIC000141 date="02-21-2018" time="19:16:17" component="Bootstrap" type="1" Message="Started Logging"
LTIC000141 date="02-21-2018" time="19:16:17" component="Bootstrap" type="1" Message="Start-CsMeetingRoomGui.ps1 Version 0.01"
LTIC000141 date="02-21-2018" time="19:16:17" component="Bootstrap" type="1" Message="GithubRepo set to  Branch devel"
LTIC000141 date="02-21-2018" time="19:16:17" component="Self Update" type="1" Message="Checking for Script Update"
LTIC000141 date="02-21-2018" time="19:16:17" component="Self Update" type="1" Message="Checking for Proxy"
LTIC000141 date="02-21-2018" time="19:16:17" component="Self Update" type="1" Message="No proxy setting detected, using direct connection"
LTIC000141 date="02-21-2018" time="19:16:18" component="Self Update" type="3" Message="Error checking for new version. You can check manualy here"
LTIC000141 date="02-21-2018" time="19:16:18" component="Self Update" type="1" Message="http://www.skype4badmin.com/find-and-test-user-ip-addresses-in-the-skype-location-database"
LTIC000141 date="02-21-2018" time="19:16:18" component="Self Update" type="1" Message="Pausing for 5 seconds"
LTIC000141 date="02-21-2018" time="19:16:23" component="Bootstrap" type="1" Message="Loading GUI Components"
LTIC000141 date="02-21-2018" time="19:17:10" component="Bootstrap" type="1" Message="Started Logging"
LTIC000141 date="02-21-2018" time="19:17:10" component="Bootstrap" type="1" Message="Start-CsMeetingRoomGui.ps1 Version 0.01"
LTIC000141 date="02-21-2018" time="19:17:10" component="Bootstrap" type="1" Message="GithubRepo set to Start-CsMeetingRoomGui Branch devel"
LTIC000141 date="02-21-2018" time="19:17:10" component="Self Update" type="1" Message="Checking for Script Update"
LTIC000141 date="02-21-2018" time="19:17:10" component="Self Update" type="1" Message="Checking for Proxy"
LTIC000141 date="02-21-2018" time="19:17:10" component="Self Update" type="1" Message="No proxy setting detected, using direct connection"
LTIC000141 date="02-21-2018" time="19:17:10" component="Self Update" type="3" Message="Error checking for new version. You can check manualy here"
LTIC000141 date="02-21-2018" time="19:17:11" component="Self Update" type="1" Message="http://www.skype4badmin.com/find-and-test-user-ip-addresses-in-the-skype-location-database"
LTIC000141 date="02-21-2018" time="19:17:11" component="Self Update" type="1" Message="Pausing for 5 seconds"
LTIC000141 date="02-21-2018" time="19:17:16" component="Bootstrap" type="1" Message="Loading GUI Components"
